<?xml version="1.0" encoding="UTF-8"?>
<testsuite xmlns:xsi="http://www.w3.org/2001/XMLSchema-instance" xsi:noNamespaceSchemaLocation="https://maven.apache.org/surefire/maven-surefire-plugin/xsd/surefire-test-report-3.0.xsd" version="3.0" name="cucumber.Options.TestRunner" time="10.066" tests="2" errors="0" skipped="0" failures="0">
  <properties>
[...]
</properties>
  <testcase name="Verify if place is bein successfully added using Add Place API" classname="Validating Place API" time="6.92">
    <system-out><![CDATA[/maps/api/place/add/json
Request method:	POST
Request URI:	https://rahulshettyacademy.com/maps/api/place/add/json?key=qaclick123
Proxy:			<none>
Request params:	<none>
Query params:	key=qaclick123
Form params:	<none>
Path params:	<none>
Headers:		Accept=*/*
				Content-Type=application/json
Cookies:		<none>
Multiparts:		<none>
Body:
{
    "accuracy": 50,
    "name": "Frontline house",
    "phone_number": "(+91) 983 893 3937",
    "address": "29, side layout, cohen 09",
    "website": "https://rahulshettyacademy.com",
    "language": "French-IN",
    "location": {
        "lat": -38.383494,
        "lng": 33.427362
    },
    "types": [
        "shoe park",
        "shop"
    ]
}
HTTP/1.1 200 OK
Date: Wed, 09 Jul 2025 12:28:12 GMT
Server: Apache/2.4.52 (Ubuntu)
Access-Control-Allow-Origin: *
Access-Control-Allow-Methods: POST
Access-Control-Max-Age: 3600
Access-Control-Allow-Headers: Content-Type, Access-Control-Allow-Headers, Authorization, X-Requested-With
Content-Length: 194
Keep-Alive: timeout=5, max=100
Connection: Keep-Alive
Content-Type: application/json;charset=UTF-8

{
    "status": "OK",
    "place_id": "86f1c3fa93041537bcce133e621de4e6",
    "scope": "APP",
    "reference": "8a35003a09b86452adde8b4e0c22a3548a35003a09b86452adde8b4e0c22a354",
    "id": "8a35003a09b86452adde8b4e0c22a354"
}
Test
OK
Test
APP
/maps/api/place/get/json
Request method:	GET
Request URI:	https://rahulshettyacademy.com/maps/api/place/get/json?place_id=86f1c3fa93041537bcce133e621de4e6&key=qaclick123
Proxy:			<none>
Request params:	<none>
Query params:	place_id=86f1c3fa93041537bcce133e621de4e6
				key=qaclick123
Form params:	<none>
Path params:	<none>
Headers:		Accept=*/*
				Content-Type=application/json
Cookies:		<none>
Multiparts:		<none>
Body:			<none>
HTTP/1.1 200 OK
Date: Wed, 09 Jul 2025 12:28:14 GMT
Server: Apache/2.4.52 (Ubuntu)
Access-Control-Allow-Origin: *
Access-Control-Allow-Methods: POST
Access-Control-Max-Age: 3600
Access-Control-Allow-Headers: Content-Type, Access-Control-Allow-Headers, Authorization, X-Requested-With
Content-Length: 270
Keep-Alive: timeout=5, max=100
Connection: Keep-Alive
Content-Type: application/json;charset=UTF-8

{
    "location": {
        "latitude": "-38.383494",
        "longitude": "33.427362"
    },
    "accuracy": "50",
    "name": "Frontline house",
    "phone_number": "(+91) 983 893 3937",
    "address": "29, side layout, cohen 09",
    "types": "shoe park,shop",
    "website": "https://rahulshettyacademy.com",
    "language": "French-IN"
}
200
Frontline house
86f1c3fa93041537bcce133e621de4e6
]]></system-out>
  </testcase>
  <testcase name="Verify whether DeletePlaceAPI deletes a Place" classname="Validating Place API" time="2.155">
    <system-out><![CDATA[86f1c3fa93041537bcce133e621de4e6
io.restassured.internal.RequestSpecificationImpl@64f4f12
/maps/api/place/delete/json
Request method:	POST
Request URI:	https://rahulshettyacademy.com/maps/api/place/delete/json?key=qaclick123
Proxy:			<none>
Request params:	<none>
Query params:	key=qaclick123
Form params:	<none>
Path params:	<none>
Headers:		Accept=*/*
				Content-Type=application/json
Cookies:		<none>
Multiparts:		<none>
Body:
{
    "place_id": "86f1c3fa93041537bcce133e621de4e6"
}
HTTP/1.1 200 OK
Date: Wed, 09 Jul 2025 12:28:16 GMT
Server: Apache/2.4.52 (Ubuntu)
Access-Control-Allow-Origin: *
Access-Control-Allow-Methods: POST
Access-Control-Max-Age: 3600
Access-Control-Allow-Headers: Content-Type, Access-Control-Allow-Headers, Authorization, X-Requested-With
Content-Length: 15
Keep-Alive: timeout=5, max=100
Connection: Keep-Alive
Content-Type: application/json;charset=UTF-8

{
    "status": "OK"
}
Test
OK
]]></system-out>
  </testcase>
</testsuite>